#
# There is insufficient memory for the Java Runtime Environment to continue.
# Native memory allocation (malloc) failed to allocate 2097152 bytes for AllocateHeap
# Possible reasons:
#   The system is out of physical RAM or swap space
#   The process is running with CompressedOops enabled, and the Java Heap may be blocking the growth of the native heap
# Possible solutions:
#   Reduce memory load on the system
#   Increase physical memory or swap space
#   Check if swap backing store is full
#   Decrease Java heap size (-Xmx/-Xms)
#   Decrease number of Java threads
#   Decrease Java thread stack sizes (-Xss)
#   Set larger code cache with -XX:ReservedCodeCacheSize=
#   JVM is running with Unscaled Compressed Oops mode in which the Java heap is
#     placed in the first 4GB address space. The Java Heap base address is the
#     maximum limit for the native heap growth. Please use -XX:HeapBaseMinAddress
#     to set the Java Heap base and to place the Java Heap above 4GB virtual address.
# This output file may be truncated or incomplete.
#
#  Out of Memory Error (allocation.cpp:44), pid=10700, tid=5928
#
# JRE version: OpenJDK Runtime Environment Temurin-17.0.3+7 (17.0.3+7) (build 17.0.3+7)
# Java VM: OpenJDK 64-Bit Server VM Temurin-17.0.3+7 (17.0.3+7, mixed mode, emulated-client, tiered, compressed oops, compressed class ptrs, g1 gc, windows-amd64)
# No core dump will be written. Minidumps are not enabled by default on client versions of Windows
#

---------------  S U M M A R Y ------------

Command Line: --add-modules=ALL-SYSTEM --add-exports=jdk.compiler/com.sun.tools.javac.file=ALL-UNNAMED --add-exports=jdk.compiler/com.sun.tools.javac.util=ALL-UNNAMED --add-exports=jdk.compiler/com.sun.tools.javac.comp=ALL-UNNAMED --add-exports=jdk.compiler/com.sun.tools.javac.main=ALL-UNNAMED --add-exports=jdk.compiler/com.sun.tools.javac.tree=ALL-UNNAMED --add-exports=jdk.compiler/com.sun.tools.javac.code=ALL-UNNAMED -Dsts.lsp.client=vscode -Dsts.log.file=/dev/null -XX:TieredStopAtLevel=1 -Dspring.config.location=file:c:\Users\usuario\.vscode\extensions\pivotal.vscode-spring-boot-1.36.0\language-server\BOOT-INF\classes\application.properties org.springframework.ide.vscode.boot.app.BootLanguageServerBootApp

Host: Intel(R) Core(TM) i5-3470 CPU @ 3.20GHz, 4 cores, 7G,  Windows 10 , 64 bit Build 19041 (10.0.19041.1741)
Time: Sun Jun 26 10:30:06 2022 Hora oficial do Brasil elapsed time: 1818.920538 seconds (0d 0h 30m 18s)

---------------  T H R E A D  ---------------

Current thread (0x0000022fe5d34990):  VMThread "VM Thread" [stack: 0x0000008585100000,0x0000008585200000] [id=5928]

Stack: [0x0000008585100000,0x0000008585200000]
Native frames: (J=compiled Java code, j=interpreted, Vv=VM code, C=native code)
V  [jvm.dll+0x675efa]
V  [jvm.dll+0x830a24]
V  [jvm.dll+0x8321ce]
V  [jvm.dll+0x832833]
V  [jvm.dll+0x2454b5]
V  [jvm.dll+0xa6393]
V  [jvm.dll+0x2f5651]
V  [jvm.dll+0x2f12d0]
V  [jvm.dll+0x2d99b7]
V  [jvm.dll+0x31cac7]
V  [jvm.dll+0x836cdb]
V  [jvm.dll+0x837a14]
V  [jvm.dll+0x837f2c]
V  [jvm.dll+0x838304]
V  [jvm.dll+0x8383d0]
V  [jvm.dll+0x7e0cfa]
V  [jvm.dll+0x674d85]
C  [ucrtbase.dll+0x21bb2]
C  [KERNEL32.DLL+0x17034]
C  [ntdll.dll+0x52651]

VM_Operation (0x00000085863fec40): G1CollectFull, mode: safepoint, requested by thread 0x0000022fe8b517b0


---------------  P R O C E S S  ---------------

Threads class SMR info:
_java_thread_list=0x0000022fe8d66b70, length=17, elements={
0x0000022fe5d4beb0, 0x0000022fe5d4cd20, 0x0000022fe5d71560, 0x0000022fe5d720e0,
0x0000022fe5d73aa0, 0x0000022fe5d74450, 0x0000022fe5d74eb0, 0x0000022fe5d758a0,
0x0000022fe5d78ef0, 0x0000022fe6a5d780, 0x0000022fe8b517b0, 0x0000022fe8b05a50,
0x0000022fd72cf2f0, 0x0000022fe8acf3d0, 0x0000022fe8ad1a50, 0x0000022fe8ad0710,
0x0000022fe8ace560
}

Java Threads: ( => current thread )
  0x0000022fe5d4beb0 JavaThread "Reference Handler" daemon [_thread_blocked, id=3608, stack(0x0000008585200000,0x0000008585300000)]
  0x0000022fe5d4cd20 JavaThread "Finalizer" daemon [_thread_blocked, id=5452, stack(0x0000008585300000,0x0000008585400000)]
  0x0000022fe5d71560 JavaThread "Signal Dispatcher" daemon [_thread_blocked, id=9452, stack(0x0000008585400000,0x0000008585500000)]
  0x0000022fe5d720e0 JavaThread "Attach Listener" daemon [_thread_blocked, id=11484, stack(0x0000008585500000,0x0000008585600000)]
  0x0000022fe5d73aa0 JavaThread "Service Thread" daemon [_thread_blocked, id=9284, stack(0x0000008585600000,0x0000008585700000)]
  0x0000022fe5d74450 JavaThread "Monitor Deflation Thread" daemon [_thread_blocked, id=1604, stack(0x0000008585700000,0x0000008585800000)]
  0x0000022fe5d74eb0 JavaThread "C1 CompilerThread0" daemon [_thread_blocked, id=5832, stack(0x0000008585800000,0x0000008585900000)]
  0x0000022fe5d758a0 JavaThread "Sweeper thread" daemon [_thread_blocked, id=11384, stack(0x0000008585900000,0x0000008585a00000)]
  0x0000022fe5d78ef0 JavaThread "Common-Cleaner" daemon [_thread_blocked, id=10508, stack(0x0000008585a00000,0x0000008585b00000)]
  0x0000022fe6a5d780 JavaThread "Notification Thread" daemon [_thread_blocked, id=7256, stack(0x0000008585d00000,0x0000008585e00000)]
  0x0000022fe8b517b0 JavaThread "pool-7-thread-1" [_thread_blocked, id=1408, stack(0x0000008586300000,0x0000008586400000)]
  0x0000022fe8b05a50 JavaThread "LanguageServerApp-lifecycle" [_thread_blocked, id=8908, stack(0x0000008586400000,0x0000008586500000)]
  0x0000022fd72cf2f0 JavaThread "DestroyJavaVM" [_thread_blocked, id=5376, stack(0x0000008584b00000,0x0000008584c00000)]
  0x0000022fe8acf3d0 JavaThread "pool-8-thread-1" [_thread_in_native, id=1680, stack(0x0000008586d00000,0x0000008586e00000)]
  0x0000022fe8ad1a50 JavaThread "Simple-Language-Server main thread" daemon [_thread_blocked, id=7840, stack(0x0000008586e00000,0x0000008586f00000)]
  0x0000022fe8ad0710 JavaThread "parallel-1" daemon [_thread_blocked, id=7752, stack(0x0000008586f00000,0x0000008587000000)]
  0x0000022fe8ace560 JavaThread "pool-3-thread-1" [_thread_blocked, id=11760, stack(0x0000008587200000,0x0000008587300000)]

Other Threads:
=>0x0000022fe5d34990 VMThread "VM Thread" [stack: 0x0000008585100000,0x0000008585200000] [id=5928]
  0x0000022fe6a5dc50 WatcherThread [stack: 0x0000008585e00000,0x0000008585f00000] [id=2068]
  0x0000022fd7327c90 GCTaskThread "GC Thread#0" [stack: 0x0000008584c00000,0x0000008584d00000] [id=14096]
  0x0000022fe69511a0 GCTaskThread "GC Thread#1" [stack: 0x0000008585b00000,0x0000008585c00000] [id=12724]
  0x0000022fe6951450 GCTaskThread "GC Thread#2" [stack: 0x0000008585c00000,0x0000008585d00000] [id=9072]
  0x0000022fe6e6dd70 GCTaskThread "GC Thread#3" [stack: 0x0000008586100000,0x0000008586200000] [id=6372]
  0x0000022fd7338890 ConcurrentGCThread "G1 Main Marker" [stack: 0x0000008584d00000,0x0000008584e00000] [id=1736]
  0x0000022fd7339370 ConcurrentGCThread "G1 Conc#0" [stack: 0x0000008584e00000,0x0000008584f00000] [id=8164]
  0x0000022fd738d610 ConcurrentGCThread "G1 Refine#0" [stack: 0x0000008584f00000,0x0000008585000000] [id=2788]
  0x0000022fe8e8ed10 ConcurrentGCThread "G1 Refine#1" [stack: 0x0000008587300000,0x0000008587400000] [id=9240]
  0x0000022fe91796e0 ConcurrentGCThread "G1 Refine#2" [stack: 0x0000008586c00000,0x0000008586d00000] [id=5964]
  0x0000022fd738e030 ConcurrentGCThread "G1 Service" [stack: 0x0000008585000000,0x0000008585100000] [id=10176]

Threads with active compile tasks:

VM state: at safepoint (normal execution)

VM Mutex/Monitor currently owned by a thread:  ([mutex/lock_event])
[0x0000022fd70f32e0] Threads_lock - owner thread: 0x0000022fe5d34990
[0x0000022fd72cb3e0] Heap_lock - owner thread: 0x0000022fe8b517b0

Heap address: 0x0000000081a00000, size: 2022 MB, Compressed Oops mode: 32-bit

CDS archive(s) not mapped
Compressed class space mapped at: 0x0000000100000000-0x0000000140000000, reserved size: 1073741824
Narrow klass base: 0x0000000000000000, Narrow klass shift: 3, Narrow klass range: 0x140000000

GC Precious Log:
 CPUs: 4 total, 4 available
 Memory: 8082M
 Large Page Support: Disabled
 NUMA Support: Disabled
 Compressed Oops: Enabled (32-bit)
 Heap Region Size: 1M
 Heap Min Capacity: 8M
 Heap Initial Capacity: 128M
 Heap Max Capacity: 2022M
 Pre-touch: Disabled
 Parallel Workers: 4
 Concurrent Workers: 1
 Concurrent Refinement Workers: 4
 Periodic GC: Disabled

Heap:
 garbage-first heap   total 65536K, used 17810K [0x0000000081a00000, 0x0000000100000000)
  region size 1024K, 1 young (1024K), 0 survivors (0K)
 Metaspace       used 44115K, committed 44608K, reserved 1089536K
  class space    used 5908K, committed 6080K, reserved 1048576K

Heap Regions: E=young(eden), S=young(survivor), O=old, HS=humongous(starts), HC=humongous(continues), CS=collection set, F=free, OA=open archive, CA=closed archive, TAMS=top-at-mark-start (previous, next)
|   0|0x0000000081a00000, 0x0000000081b00000, 0x0000000081b00000|100%| O|  |TAMS 0x0000000081b00000, 0x0000000081a00000| Untracked 
|   1|0x0000000081b00000, 0x0000000081c00000, 0x0000000081c00000|100%| O|  |TAMS 0x0000000081c00000, 0x0000000081b00000| Untracked 
|   2|0x0000000081c00000, 0x0000000081d00000, 0x0000000081d00000|100%| O|  |TAMS 0x0000000081d00000, 0x0000000081c00000| Untracked 
|   3|0x0000000081d00000, 0x0000000081dfffe0, 0x0000000081e00000| 99%| O|  |TAMS 0x0000000081dfffe0, 0x0000000081d00000| Untracked 
|   4|0x0000000081e00000, 0x0000000081f00000, 0x0000000081f00000|100%| O|  |TAMS 0x0000000081f00000, 0x0000000081e00000| Untracked 
|   5|0x0000000081f00000, 0x0000000082000000, 0x0000000082000000|100%| O|  |TAMS 0x0000000082000000, 0x0000000081f00000| Untracked 
|   6|0x0000000082000000, 0x00000000820fffe0, 0x0000000082100000| 99%| O|  |TAMS 0x00000000820fffe0, 0x0000000082000000| Untracked 
|   7|0x0000000082100000, 0x00000000821ffff0, 0x0000000082200000| 99%| O|  |TAMS 0x00000000821ffff0, 0x0000000082100000| Untracked 
|   8|0x0000000082200000, 0x00000000822fffd8, 0x0000000082300000| 99%| O|  |TAMS 0x00000000822fffd8, 0x0000000082200000| Untracked 
|   9|0x0000000082300000, 0x0000000082400000, 0x0000000082400000|100%| O|  |TAMS 0x0000000082400000, 0x0000000082300000| Untracked 
|  10|0x0000000082400000, 0x00000000824ffff0, 0x0000000082500000| 99%| O|  |TAMS 0x00000000824ffff0, 0x0000000082400000| Untracked 
|  11|0x0000000082500000, 0x00000000825ffff0, 0x0000000082600000| 99%| O|  |TAMS 0x00000000825ffff0, 0x0000000082500000| Untracked 
|  12|0x0000000082600000, 0x00000000826fffc8, 0x0000000082700000| 99%| O|  |TAMS 0x00000000826fffc8, 0x0000000082600000| Untracked 
|  13|0x0000000082700000, 0x00000000827fffb0, 0x0000000082800000| 99%| O|  |TAMS 0x00000000827fffb0, 0x0000000082700000| Untracked 
|  14|0x0000000082800000, 0x00000000828ffff8, 0x0000000082900000| 99%| O|  |TAMS 0x00000000828ffff8, 0x0000000082800000| Untracked 
|  15|0x0000000082900000, 0x00000000829ffff0, 0x0000000082a00000| 99%| O|  |TAMS 0x00000000829ffff0, 0x0000000082900000| Untracked 
|  16|0x0000000082a00000, 0x0000000082affff8, 0x0000000082b00000| 99%| O|  |TAMS 0x0000000082affff8, 0x0000000082a00000| Untracked 
|  17|0x0000000082b00000, 0x0000000082b43248, 0x0000000082c00000| 26%| O|  |TAMS 0x0000000082b00000, 0x0000000082b00000| Untracked 
|  18|0x0000000082c00000, 0x0000000082c21758, 0x0000000082d00000| 13%| O|  |TAMS 0x0000000082c00000, 0x0000000082c00000| Untracked 
|  19|0x0000000082d00000, 0x0000000082d00000, 0x0000000082e00000|  0%| F|  |TAMS 0x0000000082d00000, 0x0000000082d00000| Untracked 
|  20|0x0000000082e00000, 0x0000000082e00000, 0x0000000082f00000|  0%| F|  |TAMS 0x0000000082e00000, 0x0000000082e00000| Untracked 
|  21|0x0000000082f00000, 0x0000000082f00000, 0x0000000083000000|  0%| F|  |TAMS 0x0000000082f00000, 0x0000000082f00000| Untracked 
|  22|0x0000000083000000, 0x0000000083000000, 0x0000000083100000|  0%| F|  |TAMS 0x0000000083000000, 0x0000000083000000| Untracked 
|  23|0x0000000083100000, 0x0000000083100000, 0x0000000083200000|  0%| F|  |TAMS 0x0000000083100000, 0x0000000083100000| Untracked 
|  24|0x0000000083200000, 0x0000000083200000, 0x0000000083300000|  0%| F|  |TAMS 0x0000000083200000, 0x0000000083200000| Untracked 
|  25|0x0000000083300000, 0x0000000083300000, 0x0000000083400000|  0%| F|  |TAMS 0x0000000083300000, 0x0000000083300000| Untracked 
|  26|0x0000000083400000, 0x0000000083400000, 0x0000000083500000|  0%| F|  |TAMS 0x0000000083400000, 0x0000000083400000| Untracked 
|  27|0x0000000083500000, 0x0000000083500000, 0x0000000083600000|  0%| F|  |TAMS 0x0000000083500000, 0x0000000083500000| Untracked 
|  28|0x0000000083600000, 0x0000000083600000, 0x0000000083700000|  0%| F|  |TAMS 0x0000000083600000, 0x0000000083600000| Untracked 
|  29|0x0000000083700000, 0x0000000083700000, 0x0000000083800000|  0%| F|  |TAMS 0x0000000083700000, 0x0000000083700000| Untracked 
|  30|0x0000000083800000, 0x0000000083800000, 0x0000000083900000|  0%| F|  |TAMS 0x0000000083800000, 0x0000000083800000| Untracked 
|  31|0x0000000083900000, 0x0000000083900000, 0x0000000083a00000|  0%| F|  |TAMS 0x0000000083900000, 0x0000000083900000| Untracked 
|  32|0x0000000083a00000, 0x0000000083a00000, 0x0000000083b00000|  0%| F|  |TAMS 0x0000000083a00000, 0x0000000083a00000| Untracked 
|  33|0x0000000083b00000, 0x0000000083b00000, 0x0000000083c00000|  0%| F|  |TAMS 0x0000000083b00000, 0x0000000083b00000| Untracked 
|  34|0x0000000083c00000, 0x0000000083c00000, 0x0000000083d00000|  0%| F|  |TAMS 0x0000000083c00000, 0x0000000083c00000| Untracked 
|  35|0x0000000083d00000, 0x0000000083d00000, 0x0000000083e00000|  0%| F|  |TAMS 0x0000000083d00000, 0x0000000083d00000| Untracked 
|  36|0x0000000083e00000, 0x0000000083e00000, 0x0000000083f00000|  0%| F|  |TAMS 0x0000000083e00000, 0x0000000083e00000| Untracked 
|  37|0x0000000083f00000, 0x0000000083f00000, 0x0000000084000000|  0%| F|  |TAMS 0x0000000083f00000, 0x0000000083f00000| Untracked 
|  38|0x0000000084000000, 0x0000000084000000, 0x0000000084100000|  0%| F|  |TAMS 0x0000000084000000, 0x0000000084000000| Untracked 
|  39|0x0000000084100000, 0x0000000084100000, 0x0000000084200000|  0%| F|  |TAMS 0x0000000084100000, 0x0000000084100000| Untracked 
|  40|0x0000000084200000, 0x0000000084200000, 0x0000000084300000|  0%| F|  |TAMS 0x0000000084200000, 0x0000000084200000| Untracked 
|  41|0x0000000084300000, 0x0000000084300000, 0x0000000084400000|  0%| F|  |TAMS 0x0000000084300000, 0x0000000084300000| Untracked 
|  42|0x0000000084400000, 0x0000000084400000, 0x0000000084500000|  0%| F|  |TAMS 0x0000000084400000, 0x0000000084400000| Untracked 
|  43|0x0000000084500000, 0x0000000084500000, 0x0000000084600000|  0%| F|  |TAMS 0x0000000084500000, 0x0000000084500000| Untracked 
|  44|0x0000000084600000, 0x0000000084600000, 0x0000000084700000|  0%| F|  |TAMS 0x0000000084600000, 0x0000000084600000| Untracked 
|  45|0x0000000084700000, 0x0000000084700000, 0x0000000084800000|  0%| F|  |TAMS 0x0000000084700000, 0x0000000084700000| Untracked 
|  46|0x0000000084800000, 0x0000000084800000, 0x0000000084900000|  0%| F|  |TAMS 0x0000000084800000, 0x0000000084800000| Untracked 
|  47|0x0000000084900000, 0x0000000084900000, 0x0000000084a00000|  0%| F|  |TAMS 0x0000000084900000, 0x0000000084900000| Untracked 
|  48|0x0000000084a00000, 0x0000000084a00000, 0x0000000084b00000|  0%| F|  |TAMS 0x0000000084a00000, 0x0000000084a00000| Untracked 
|  49|0x0000000084b00000, 0x0000000084b00000, 0x0000000084c00000|  0%| F|  |TAMS 0x0000000084b00000, 0x0000000084b00000| Untracked 
|  50|0x0000000084c00000, 0x0000000084c00000, 0x0000000084d00000|  0%| F|  |TAMS 0x0000000084c00000, 0x0000000084c00000| Untracked 
|  51|0x0000000084d00000, 0x0000000084d00000, 0x0000000084e00000|  0%| F|  |TAMS 0x0000000084d00000, 0x0000000084d00000| Untracked 
|  52|0x0000000084e00000, 0x0000000084e00000, 0x0000000084f00000|  0%| F|  |TAMS 0x0000000084e00000, 0x0000000084e00000| Untracked 
|  53|0x0000000084f00000, 0x0000000084f00000, 0x0000000085000000|  0%| F|  |TAMS 0x0000000084f00000, 0x0000000084f00000| Untracked 
|  54|0x0000000085000000, 0x0000000085000000, 0x0000000085100000|  0%| F|  |TAMS 0x0000000085000000, 0x0000000085000000| Untracked 
|  55|0x0000000085100000, 0x0000000085100000, 0x0000000085200000|  0%| F|  |TAMS 0x0000000085100000, 0x0000000085100000| Untracked 
|  56|0x0000000085200000, 0x0000000085200000, 0x0000000085300000|  0%| F|  |TAMS 0x0000000085200000, 0x0000000085200000| Untracked 
|  57|0x0000000085300000, 0x0000000085300000, 0x0000000085400000|  0%| F|  |TAMS 0x0000000085300000, 0x0000000085300000| Untracked 
|  58|0x0000000085400000, 0x0000000085400000, 0x0000000085500000|  0%| F|  |TAMS 0x0000000085400000, 0x0000000085400000| Untracked 
|  59|0x0000000085500000, 0x0000000085500000, 0x0000000085600000|  0%| F|  |TAMS 0x0000000085500000, 0x0000000085500000| Untracked 
|  60|0x0000000085600000, 0x0000000085600000, 0x0000000085700000|  0%| F|  |TAMS 0x0000000085600000, 0x0000000085600000| Untracked 
|  61|0x0000000085700000, 0x0000000085700000, 0x0000000085800000|  0%| F|  |TAMS 0x0000000085700000, 0x0000000085700000| Untracked 
|  62|0x0000000085800000, 0x0000000085800000, 0x0000000085900000|  0%| F|  |TAMS 0x0000000085800000, 0x0000000085800000| Untracked 
|  63|0x0000000085900000, 0x000000008590b3d0, 0x0000000085a00000|  4%| E|  |TAMS 0x0000000085900000, 0x0000000085900000| Complete 

Card table byte_map: [0x0000022fdefa0000,0x0000022fdf3a0000] _byte_map_base: 0x0000022fdeb93000

Marking Bits (Prev, Next): (CMBitMap*) 0x0000022fd73282e0, (CMBitMap*) 0x0000022fd73282a0
 Prev Bits: [0x0000022fe1740000, 0x0000022fe36d8000)
 Next Bits: [0x0000022fdf7a0000, 0x0000022fe1738000)

Polling page: 0x0000022fd70b0000

Metaspace:

Usage:
  Non-class:     37.31 MB used.
      Class:      5.77 MB used.
       Both:     43.08 MB used.

Virtual space:
  Non-class space:       40.00 MB reserved,      37.62 MB ( 94%) committed,  5 nodes.
      Class space:        1.00 GB reserved,       5.94 MB ( <1%) committed,  1 nodes.
             Both:        1.04 GB reserved,      43.56 MB (  4%) committed. 

Chunk freelists:
   Non-Class:  2.29 MB
       Class:  1.93 MB
        Both:  4.22 MB

MaxMetaspaceSize: unlimited
CompressedClassSpaceSize: 1.00 GB
Initial GC threshold: 21.00 MB
Current GC threshold: 72.62 MB
CDS: off
MetaspaceReclaimPolicy: balanced
 - commit_granule_bytes: 65536.
 - commit_granule_words: 8192.
 - virtual_space_node_default_size: 1048576.
 - enlarge_chunks_in_place: 1.
 - new_chunks_are_fully_committed: 0.
 - uncommit_free_chunks: 1.
 - use_allocation_guard: 0.
 - handle_deallocations: 1.


Internal statistics:

num_allocs_failed_limit: 3.
num_arena_births: 402.
num_arena_deaths: 108.
num_vsnodes_births: 6.
num_vsnodes_deaths: 0.
num_space_committed: 697.
num_space_uncommitted: 0.
num_chunks_returned_to_freelist: 120.
num_chunks_taken_from_freelist: 1732.
num_chunk_merges: 40.
num_chunk_splits: 1232.
num_chunks_enlarged: 972.
num_purges: 6.
num_inconsistent_stats: 0.

CodeCache: size=49152Kb used=10391Kb max_used=11445Kb free=38760Kb
 bounds [0x0000022fdb700000, 0x0000022fdc230000, 0x0000022fde700000]
 total_blobs=6082 nmethods=5519 adapters=490
 compilation: enabled
              stopped_count=0, restarted_count=0
 full_count=0

Compilation events (20 events):
Event: 1405.831 Thread 0x0000022fe5d74eb0 5509       1       java.lang.ProcessImpl::getErrorStream (5 bytes)
Event: 1405.831 Thread 0x0000022fe5d74eb0 nmethod 5509 0x0000022fdb8b9510 code [0x0000022fdb8b96a0, 0x0000022fdb8b9778]
Event: 1405.832 Thread 0x0000022fe5d74eb0 5511       1       java.lang.ProcessImpl::getOutputStream (5 bytes)
Event: 1405.832 Thread 0x0000022fe5d74eb0 nmethod 5511 0x0000022fdb8b9210 code [0x0000022fdb8b93a0, 0x0000022fdb8b9478]
Event: 1596.286 Thread 0x0000022fe5d74eb0 5512       1       java.util.concurrent.locks.AbstractQueuedSynchronizer$Node::<init> (5 bytes)
Event: 1596.286 Thread 0x0000022fe5d74eb0 nmethod 5512 0x0000022fdb8b8f10 code [0x0000022fdb8b90a0, 0x0000022fdb8b9158]
Event: 1680.653 Thread 0x0000022fe5d74eb0 5513       1       java.util.concurrent.locks.AbstractQueuedSynchronizer$Node::clearStatus (12 bytes)
Event: 1680.655 Thread 0x0000022fe5d74eb0 nmethod 5513 0x0000022fdb8b8c10 code [0x0000022fdb8b8da0, 0x0000022fdb8b8e78]
Event: 1680.656 Thread 0x0000022fe5d74eb0 5514       1       jdk.internal.misc.Unsafe::putIntOpaque (9 bytes)
Event: 1680.656 Thread 0x0000022fe5d74eb0 nmethod 5514 0x0000022fdb8b8910 code [0x0000022fdb8b8aa0, 0x0000022fdb8b8b78]
Event: 1680.657 Thread 0x0000022fe5d74eb0 5515   !   1       java.util.concurrent.locks.AbstractQueuedSynchronizer::acquire (407 bytes)
Event: 1680.669 Thread 0x0000022fe5d74eb0 nmethod 5515 0x0000022fdb8b6d90 code [0x0000022fdb8b7040, 0x0000022fdb8b81c8]
Event: 1713.080 Thread 0x0000022fe5d74eb0 5516       1       java.util.concurrent.ThreadPoolExecutor$Worker::unlock (7 bytes)
Event: 1713.082 Thread 0x0000022fe5d74eb0 nmethod 5516 0x0000022fdb8b6a10 code [0x0000022fdb8b6ba0, 0x0000022fdb8b6cc8]
Event: 1713.082 Thread 0x0000022fe5d74eb0 5517       1       java.util.concurrent.ThreadPoolExecutor$Worker::tryRelease (12 bytes)
Event: 1713.082 Thread 0x0000022fe5d74eb0 nmethod 5517 0x0000022fdb8b6710 code [0x0000022fdb8b68a0, 0x0000022fdb8b6998]
Event: 1797.546 Thread 0x0000022fe5d74eb0 5518       1       java.util.concurrent.locks.AbstractQueuedSynchronizer$Node::getAndUnsetStatus (14 bytes)
Event: 1797.548 Thread 0x0000022fe5d74eb0 nmethod 5518 0x0000022fdb8b6390 code [0x0000022fdb8b6520, 0x0000022fdb8b6638]
Event: 1797.548 Thread 0x0000022fe5d74eb0 5519       1       jdk.internal.misc.Unsafe::getAndBitwiseAndInt (27 bytes)
Event: 1797.549 Thread 0x0000022fe5d74eb0 nmethod 5519 0x0000022fdb8b6010 code [0x0000022fdb8b61a0, 0x0000022fdb8b62b8]

GC Heap History (20 events):
Event: 1713.055 GC heap before
{Heap before GC invocations=195 (full 156):
 garbage-first heap   total 65536K, used 17810K [0x0000000081a00000, 0x0000000100000000)
  region size 1024K, 1 young (1024K), 0 survivors (0K)
 Metaspace       used 44115K, committed 44608K, reserved 1089536K
  class space    used 5908K, committed 6080K, reserved 1048576K
}
Event: 1713.078 GC heap after
{Heap after GC invocations=196 (full 157):
 garbage-first heap   total 65536K, used 17810K [0x0000000081a00000, 0x0000000100000000)
  region size 1024K, 0 young (0K), 0 survivors (0K)
 Metaspace       used 44115K, committed 44608K, reserved 1089536K
  class space    used 5908K, committed 6080K, reserved 1048576K
}
Event: 1723.697 GC heap before
{Heap before GC invocations=196 (full 157):
 garbage-first heap   total 65536K, used 17810K [0x0000000081a00000, 0x0000000100000000)
  region size 1024K, 1 young (1024K), 0 survivors (0K)
 Metaspace       used 44115K, committed 44608K, reserved 1089536K
  class space    used 5908K, committed 6080K, reserved 1048576K
}
Event: 1723.720 GC heap after
{Heap after GC invocations=197 (full 158):
 garbage-first heap   total 65536K, used 17810K [0x0000000081a00000, 0x0000000100000000)
  region size 1024K, 0 young (0K), 0 survivors (0K)
 Metaspace       used 44115K, committed 44608K, reserved 1089536K
  class space    used 5908K, committed 6080K, reserved 1048576K
}
Event: 1734.410 GC heap before
{Heap before GC invocations=197 (full 158):
 garbage-first heap   total 65536K, used 17810K [0x0000000081a00000, 0x0000000100000000)
  region size 1024K, 1 young (1024K), 0 survivors (0K)
 Metaspace       used 44115K, committed 44608K, reserved 1089536K
  class space    used 5908K, committed 6080K, reserved 1048576K
}
Event: 1734.433 GC heap after
{Heap after GC invocations=198 (full 159):
 garbage-first heap   total 65536K, used 17810K [0x0000000081a00000, 0x0000000100000000)
  region size 1024K, 0 young (0K), 0 survivors (0K)
 Metaspace       used 44115K, committed 44608K, reserved 1089536K
  class space    used 5908K, committed 6080K, reserved 1048576K
}
Event: 1745.055 GC heap before
{Heap before GC invocations=198 (full 159):
 garbage-first heap   total 65536K, used 17810K [0x0000000081a00000, 0x0000000100000000)
  region size 1024K, 1 young (1024K), 0 survivors (0K)
 Metaspace       used 44115K, committed 44608K, reserved 1089536K
  class space    used 5908K, committed 6080K, reserved 1048576K
}
Event: 1745.078 GC heap after
{Heap after GC invocations=199 (full 160):
 garbage-first heap   total 65536K, used 17810K [0x0000000081a00000, 0x0000000100000000)
  region size 1024K, 0 young (0K), 0 survivors (0K)
 Metaspace       used 44115K, committed 44608K, reserved 1089536K
  class space    used 5908K, committed 6080K, reserved 1048576K
}
Event: 1755.699 GC heap before
{Heap before GC invocations=199 (full 160):
 garbage-first heap   total 65536K, used 17810K [0x0000000081a00000, 0x0000000100000000)
  region size 1024K, 1 young (1024K), 0 survivors (0K)
 Metaspace       used 44115K, committed 44608K, reserved 1089536K
  class space    used 5908K, committed 6080K, reserved 1048576K
}
Event: 1755.722 GC heap after
{Heap after GC invocations=200 (full 161):
 garbage-first heap   total 65536K, used 17810K [0x0000000081a00000, 0x0000000100000000)
  region size 1024K, 0 young (0K), 0 survivors (0K)
 Metaspace       used 44115K, committed 44608K, reserved 1089536K
  class space    used 5908K, committed 6080K, reserved 1048576K
}
Event: 1766.308 GC heap before
{Heap before GC invocations=200 (full 161):
 garbage-first heap   total 65536K, used 17810K [0x0000000081a00000, 0x0000000100000000)
  region size 1024K, 1 young (1024K), 0 survivors (0K)
 Metaspace       used 44115K, committed 44608K, reserved 1089536K
  class space    used 5908K, committed 6080K, reserved 1048576K
}
Event: 1766.333 GC heap after
{Heap after GC invocations=201 (full 162):
 garbage-first heap   total 65536K, used 17810K [0x0000000081a00000, 0x0000000100000000)
  region size 1024K, 0 young (0K), 0 survivors (0K)
 Metaspace       used 44115K, committed 44608K, reserved 1089536K
  class space    used 5908K, committed 6080K, reserved 1048576K
}
Event: 1776.915 GC heap before
{Heap before GC invocations=201 (full 162):
 garbage-first heap   total 65536K, used 17810K [0x0000000081a00000, 0x0000000100000000)
  region size 1024K, 1 young (1024K), 0 survivors (0K)
 Metaspace       used 44115K, committed 44608K, reserved 1089536K
  class space    used 5908K, committed 6080K, reserved 1048576K
}
Event: 1776.939 GC heap after
{Heap after GC invocations=202 (full 163):
 garbage-first heap   total 65536K, used 17810K [0x0000000081a00000, 0x0000000100000000)
  region size 1024K, 0 young (0K), 0 survivors (0K)
 Metaspace       used 44115K, committed 44608K, reserved 1089536K
  class space    used 5908K, committed 6080K, reserved 1048576K
}
Event: 1787.516 GC heap before
{Heap before GC invocations=202 (full 163):
 garbage-first heap   total 65536K, used 17810K [0x0000000081a00000, 0x0000000100000000)
  region size 1024K, 1 young (1024K), 0 survivors (0K)
 Metaspace       used 44115K, committed 44608K, reserved 1089536K
  class space    used 5908K, committed 6080K, reserved 1048576K
}
Event: 1787.539 GC heap after
{Heap after GC invocations=203 (full 164):
 garbage-first heap   total 65536K, used 17810K [0x0000000081a00000, 0x0000000100000000)
  region size 1024K, 0 young (0K), 0 survivors (0K)
 Metaspace       used 44115K, committed 44608K, reserved 1089536K
  class space    used 5908K, committed 6080K, reserved 1048576K
}
Event: 1798.126 GC heap before
{Heap before GC invocations=203 (full 164):
 garbage-first heap   total 65536K, used 17810K [0x0000000081a00000, 0x0000000100000000)
  region size 1024K, 1 young (1024K), 0 survivors (0K)
 Metaspace       used 44115K, committed 44608K, reserved 1089536K
  class space    used 5908K, committed 6080K, reserved 1048576K
}
Event: 1798.149 GC heap after
{Heap after GC invocations=204 (full 165):
 garbage-first heap   total 65536K, used 17810K [0x0000000081a00000, 0x0000000100000000)
  region size 1024K, 0 young (0K), 0 survivors (0K)
 Metaspace       used 44115K, committed 44608K, reserved 1089536K
  class space    used 5908K, committed 6080K, reserved 1048576K
}
Event: 1808.727 GC heap before
{Heap before GC invocations=204 (full 165):
 garbage-first heap   total 65536K, used 17810K [0x0000000081a00000, 0x0000000100000000)
  region size 1024K, 1 young (1024K), 0 survivors (0K)
 Metaspace       used 44115K, committed 44608K, reserved 1089536K
  class space    used 5908K, committed 6080K, reserved 1048576K
}
Event: 1808.750 GC heap after
{Heap after GC invocations=205 (full 166):
 garbage-first heap   total 65536K, used 17810K [0x0000000081a00000, 0x0000000100000000)
  region size 1024K, 0 young (0K), 0 survivors (0K)
 Metaspace       used 44115K, committed 44608K, reserved 1089536K
  class space    used 5908K, committed 6080K, reserved 1048576K
}

Deoptimization events (20 events):
Event: 20.311 Thread 0x0000022fe8ace090 DEOPT PACKING pc=0x0000022fdbdf7904 sp=0x0000008586cfe710
Event: 20.312 Thread 0x0000022fe8ace090 DEOPT UNPACKING pc=0x0000022fdb752b43 sp=0x0000008586cfde60 mode 0
Event: 20.314 Thread 0x0000022fe8ad0be0 DEOPT PACKING pc=0x0000022fdbdf7904 sp=0x0000008586bfebc0
Event: 20.314 Thread 0x0000022fe8ad0be0 DEOPT UNPACKING pc=0x0000022fdb752b43 sp=0x0000008586bfe310 mode 0
Event: 20.317 Thread 0x0000022fe8b05f20 DEOPT PACKING pc=0x0000022fdbdf7904 sp=0x00000085865fead0
Event: 20.317 Thread 0x0000022fe8b05f20 DEOPT UNPACKING pc=0x0000022fdb752b43 sp=0x00000085865fe220 mode 0
Event: 20.360 Thread 0x0000022fe8b05f20 DEOPT PACKING pc=0x0000022fdbbb4f01 sp=0x00000085865fef10
Event: 20.360 Thread 0x0000022fe8b05f20 DEOPT UNPACKING pc=0x0000022fdb752b43 sp=0x00000085865fe3a0 mode 3
Event: 20.407 Thread 0x0000022fe8a922b0 DEOPT PACKING pc=0x0000022fdbbaf017 sp=0x00000085869ff000
Event: 20.407 Thread 0x0000022fe8a922b0 DEOPT UNPACKING pc=0x0000022fdb752b43 sp=0x00000085869fe458 mode 3
Event: 20.646 Thread 0x0000022fe8ad1a50 DEOPT PACKING pc=0x0000022fdbcdf934 sp=0x0000008586ef89d0
Event: 20.646 Thread 0x0000022fe8ad1a50 DEOPT UNPACKING pc=0x0000022fdb752b43 sp=0x0000008586ef7e50 mode 3
Event: 21.027 Thread 0x0000022fe8b05f20 DEOPT PACKING pc=0x0000022fdbed4f04 sp=0x00000085865fe8a0
Event: 21.027 Thread 0x0000022fe8b05f20 DEOPT UNPACKING pc=0x0000022fdb752b43 sp=0x00000085865fdd40 mode 0
Event: 26.960 Thread 0x0000022fe8aff400 DEOPT PACKING pc=0x0000022fdbb9ae52 sp=0x00000085862fcb50
Event: 26.960 Thread 0x0000022fe8aff400 DEOPT UNPACKING pc=0x0000022fdb752b43 sp=0x00000085862fc058 mode 3
Event: 27.240 Thread 0x0000022fe8aff400 DEOPT PACKING pc=0x0000022fdc1a83ac sp=0x00000085862fe280
Event: 27.240 Thread 0x0000022fe8aff400 DEOPT UNPACKING pc=0x0000022fdb752b43 sp=0x00000085862fd710 mode 0
Event: 91.271 Thread 0x0000022fe8acf3d0 DEOPT PACKING pc=0x0000022fdbcde2d4 sp=0x0000008586dfedd0
Event: 91.271 Thread 0x0000022fe8acf3d0 DEOPT UNPACKING pc=0x0000022fdb752b43 sp=0x0000008586dfe278 mode 0

Classes unloaded (20 events):
Event: 91.250 Thread 0x0000022fe5d34990 Unloading class 0x00000001004ad800 'java/lang/invoke/LambdaForm$MH+0x00000001004ad800'
Event: 91.250 Thread 0x0000022fe5d34990 Unloading class 0x00000001004ad400 'java/lang/invoke/LambdaForm$MH+0x00000001004ad400'
Event: 91.250 Thread 0x0000022fe5d34990 Unloading class 0x00000001004acc00 'java/lang/invoke/LambdaForm$MH+0x00000001004acc00'
Event: 91.250 Thread 0x0000022fe5d34990 Unloading class 0x00000001004ac800 'java/lang/invoke/LambdaForm$MH+0x00000001004ac800'
Event: 91.250 Thread 0x0000022fe5d34990 Unloading class 0x0000000100468000 'java/lang/invoke/LambdaForm$DMH+0x0000000100468000'
Event: 91.250 Thread 0x0000022fe5d34990 Unloading class 0x00000001003e0800 'jdk/internal/reflect/GeneratedMethodAccessor12'
Event: 91.250 Thread 0x0000022fe5d34990 Unloading class 0x0000000100378400 'java/lang/invoke/LambdaForm$MH+0x0000000100378400'
Event: 91.250 Thread 0x0000022fe5d34990 Unloading class 0x0000000100378000 'java/lang/invoke/LambdaForm$MH+0x0000000100378000'
Event: 91.250 Thread 0x0000022fe5d34990 Unloading class 0x0000000100368400 'java/lang/invoke/LambdaForm$MH+0x0000000100368400'
Event: 91.250 Thread 0x0000022fe5d34990 Unloading class 0x0000000100342000 'java/lang/invoke/LambdaForm$MH+0x0000000100342000'
Event: 91.250 Thread 0x0000022fe5d34990 Unloading class 0x0000000100341c00 'java/lang/invoke/LambdaForm$MH+0x0000000100341c00'
Event: 91.250 Thread 0x0000022fe5d34990 Unloading class 0x0000000100341800 'java/lang/invoke/LambdaForm$MH+0x0000000100341800'
Event: 91.250 Thread 0x0000022fe5d34990 Unloading class 0x0000000100341400 'java/lang/invoke/LambdaForm$MH+0x0000000100341400'
Event: 91.250 Thread 0x0000022fe5d34990 Unloading class 0x00000001001a6800 'java/lang/invoke/LambdaForm$MH+0x00000001001a6800'
Event: 91.250 Thread 0x0000022fe5d34990 Unloading class 0x00000001001a6400 'java/lang/invoke/LambdaForm$MH+0x00000001001a6400'
Event: 91.250 Thread 0x0000022fe5d34990 Unloading class 0x00000001001a6000 'java/lang/invoke/LambdaForm$MH+0x00000001001a6000'
Event: 91.250 Thread 0x0000022fe5d34990 Unloading class 0x00000001001a5c00 'java/lang/invoke/LambdaForm$MH+0x00000001001a5c00'
Event: 91.250 Thread 0x0000022fe5d34990 Unloading class 0x00000001001a5800 'java/lang/invoke/LambdaForm$MH+0x00000001001a5800'
Event: 91.250 Thread 0x0000022fe5d34990 Unloading class 0x00000001001a5000 'java/lang/invoke/LambdaForm$MH+0x00000001001a5000'
Event: 91.250 Thread 0x0000022fe5d34990 Unloading class 0x00000001000d4000 'java/lang/invoke/LambdaForm$MH+0x00000001000d4000'

Classes redefined (0 events):
No events

Internal exceptions (20 events):
Event: 26.045 Thread 0x0000022fe8ad0240 Exception <a 'sun/nio/fs/WindowsException'{0x000000008fb6d790}> (0x000000008fb6d790) 
thrown [e:\jenkins\tmp\workspace\build\src\src\hotspot\share\prims\jni.cpp, line 516]
Event: 26.045 Thread 0x0000022fe8ad0240 Exception <a 'sun/nio/fs/WindowsException'{0x000000008fb6e198}> (0x000000008fb6e198) 
thrown [e:\jenkins\tmp\workspace\build\src\src\hotspot\share\prims\jni.cpp, line 516]
Event: 26.045 Thread 0x0000022fe8ad0240 Exception <a 'sun/nio/fs/WindowsException'{0x000000008fb6e558}> (0x000000008fb6e558) 
thrown [e:\jenkins\tmp\workspace\build\src\src\hotspot\share\prims\jni.cpp, line 516]
Event: 26.045 Thread 0x0000022fe8ad0240 Exception <a 'sun/nio/fs/WindowsException'{0x000000008fb6ef58}> (0x000000008fb6ef58) 
thrown [e:\jenkins\tmp\workspace\build\src\src\hotspot\share\prims\jni.cpp, line 516]
Event: 26.045 Thread 0x0000022fe8ad0240 Exception <a 'sun/nio/fs/WindowsException'{0x000000008fb6f310}> (0x000000008fb6f310) 
thrown [e:\jenkins\tmp\workspace\build\src\src\hotspot\share\prims\jni.cpp, line 516]
Event: 26.046 Thread 0x0000022fe8ad0240 Exception <a 'sun/nio/fs/WindowsException'{0x000000008fb6fd18}> (0x000000008fb6fd18) 
thrown [e:\jenkins\tmp\workspace\build\src\src\hotspot\share\prims\jni.cpp, line 516]
Event: 26.046 Thread 0x0000022fe8ad0240 Exception <a 'sun/nio/fs/WindowsException'{0x000000008fb700d8}> (0x000000008fb700d8) 
thrown [e:\jenkins\tmp\workspace\build\src\src\hotspot\share\prims\jni.cpp, line 516]
Event: 26.046 Thread 0x0000022fe8ad0240 Exception <a 'sun/nio/fs/WindowsException'{0x000000008fb70b00}> (0x000000008fb70b00) 
thrown [e:\jenkins\tmp\workspace\build\src\src\hotspot\share\prims\jni.cpp, line 516]
Event: 26.046 Thread 0x0000022fe8ad0240 Exception <a 'sun/nio/fs/WindowsException'{0x000000008fb70ee8}> (0x000000008fb70ee8) 
thrown [e:\jenkins\tmp\workspace\build\src\src\hotspot\share\prims\jni.cpp, line 516]
Event: 26.047 Thread 0x0000022fe8ad0240 Exception <a 'sun/nio/fs/WindowsException'{0x000000008fb71920}> (0x000000008fb71920) 
thrown [e:\jenkins\tmp\workspace\build\src\src\hotspot\share\prims\jni.cpp, line 516]
Event: 26.047 Thread 0x0000022fe8ad0240 Exception <a 'sun/nio/fs/WindowsException'{0x000000008fb71d20}> (0x000000008fb71d20) 
thrown [e:\jenkins\tmp\workspace\build\src\src\hotspot\share\prims\jni.cpp, line 516]
Event: 26.047 Thread 0x0000022fe8ad0240 Exception <a 'sun/nio/fs/WindowsException'{0x000000008fb72750}> (0x000000008fb72750) 
thrown [e:\jenkins\tmp\workspace\build\src\src\hotspot\share\prims\jni.cpp, line 516]
Event: 26.047 Thread 0x0000022fe8ad0240 Exception <a 'sun/nio/fs/WindowsException'{0x000000008fb72b40}> (0x000000008fb72b40) 
thrown [e:\jenkins\tmp\workspace\build\src\src\hotspot\share\prims\jni.cpp, line 516]
Event: 26.678 Thread 0x0000022fe8aff400 Exception <a 'java/lang/NoSuchMethodError'{0x0000000096ad15f8}: 'void java.lang.invoke.DirectMethodHandle$Holder.invokeStatic(java.lang.Object, java.lang.Object, java.lang.Object, java.lang.Object, java.lang.Object, java.lang.Object)'> (0x0000000096ad15f8) 
thrown [e:\jenkins\tmp\workspace\build\src\src\hotspot\share\interpreter\linkResolver.cpp, line 766]
Event: 27.466 Thread 0x0000022fe8acf3d0 Exception <a 'java/lang/NullPointerException'{0x0000000091804580}> (0x0000000091804580) 
thrown [e:\jenkins\tmp\workspace\build\src\src\hotspot\share\interpreter\linkResolver.cpp, line 1357]
Event: 59.911 Thread 0x0000022fe8b517b0 Exception <a 'java/lang/NoSuchMethodError'{0x00000000918118a8}: 'void java.lang.invoke.DirectMethodHandle$Holder.invokeStatic(java.lang.Object, long)'> (0x00000000918118a8) 
thrown [e:\jenkins\tmp\workspace\build\src\src\hotspot\share\interpreter\linkResolver.cpp, line 766]
Event: 59.912 Thread 0x0000022fe8b517b0 Exception <a 'java/lang/NoSuchMethodError'{0x0000000091816c50}: 'java.lang.Object java.lang.invoke.DirectMethodHandle$Holder.newInvokeSpecial(java.lang.Object, long)'> (0x0000000091816c50) 
thrown [e:\jenkins\tmp\workspace\build\src\src\hotspot\share\interpreter\linkResolver.cpp, line 766]
Event: 59.913 Thread 0x0000022fe8b517b0 Exception <a 'java/lang/NoSuchMethodError'{0x000000009181d770}: 'java.lang.Object java.lang.invoke.DirectMethodHandle$Holder.invokeStatic(java.lang.Object, java.lang.Object, long, java.lang.Object)'> (0x000000009181d770) 
thrown [e:\jenkins\tmp\workspace\build\src\src\hotspot\share\interpreter\linkResolver.cpp, line 766]
Event: 59.913 Thread 0x0000022fe8b517b0 Exception <a 'java/lang/NoSuchMethodError'{0x0000000091820f48}: 'java.lang.Object java.lang.invoke.DirectMethodHandle$Holder.invokeStaticInit(java.lang.Object, java.lang.Object, long, java.lang.Object)'> (0x0000000091820f48) 
thrown [e:\jenkins\tmp\workspace\build\src\src\hotspot\share\interpreter\linkResolver.cpp, line 766]
Event: 59.914 Thread 0x0000022fe8b517b0 Exception <a 'java/lang/NoSuchMethodError'{0x0000000091827278}: 'java.lang.Object java.lang.invoke.DirectMethodHandle$Holder.newInvokeSpecial(java.lang.Object, java.lang.Object, long)'> (0x0000000091827278) 
thrown [e:\jenkins\tmp\workspace\build\src\src\hotspot\share\interpreter\linkResolver.cpp, line 766]

VM Operations (20 events):
Event: 1713.078 Executing VM operation: G1CollectFull done
Event: 1723.697 Executing VM operation: G1CollectFull
Event: 1723.720 Executing VM operation: G1CollectFull done
Event: 1734.410 Executing VM operation: G1CollectFull
Event: 1734.433 Executing VM operation: G1CollectFull done
Event: 1745.055 Executing VM operation: G1CollectFull
Event: 1745.078 Executing VM operation: G1CollectFull done
Event: 1755.699 Executing VM operation: G1CollectFull
Event: 1755.722 Executing VM operation: G1CollectFull done
Event: 1766.308 Executing VM operation: G1CollectFull
Event: 1766.333 Executing VM operation: G1CollectFull done
Event: 1776.915 Executing VM operation: G1CollectFull
Event: 1776.939 Executing VM operation: G1CollectFull done
Event: 1787.516 Executing VM operation: G1CollectFull
Event: 1787.539 Executing VM operation: G1CollectFull done
Event: 1798.126 Executing VM operation: G1CollectFull
Event: 1798.149 Executing VM operation: G1CollectFull done
Event: 1808.727 Executing VM operation: G1CollectFull
Event: 1808.750 Executing VM operation: G1CollectFull done
Event: 1818.903 Executing VM operation: G1CollectFull

Events (20 events):
Event: 59.789 loading class java/lang/Process
Event: 59.790 loading class java/lang/Process done
Event: 59.790 loading class java/lang/ProcessImpl done
Event: 59.912 loading class java/lang/ProcessHandleImpl
Event: 59.912 loading class java/lang/ProcessHandle
Event: 59.912 loading class java/lang/ProcessHandle done
Event: 59.912 loading class java/lang/ProcessHandleImpl done
Event: 59.914 loading class java/lang/ProcessImpl$2
Event: 59.914 loading class java/lang/ProcessImpl$2 done
Event: 59.914 loading class java/lang/Process$PipeInputStream
Event: 59.914 loading class java/lang/Process$PipeInputStream done
Event: 59.915 loading class jdk/internal/event/ProcessStartEvent
Event: 59.915 loading class jdk/internal/event/ProcessStartEvent done
Event: 60.219 loading class java/io/FileOutputStream$1
Event: 60.219 loading class java/io/FileOutputStream$1 done
Event: 80.926 Thread 0x0000022fe8ad10b0 Thread exited: 0x0000022fe8ad10b0
Event: 87.478 Thread 0x0000022fe8aff400 Thread exited: 0x0000022fe8aff400
Event: 91.282 Thread 0x0000022fe8ad0be0 Thread added: 0x0000022fe8ad0be0
Event: 147.482 Thread 0x0000022fe8ad1580 Thread exited: 0x0000022fe8ad1580
Event: 151.284 Thread 0x0000022fe8ad0be0 Thread exited: 0x0000022fe8ad0be0


Dynamic libraries:
0x00007ff7674d0000 - 0x00007ff7674de000 	c:\Users\usuario\.vscode\extensions\redhat.java-1.7.0-win32-x64\jre\17.0.3-win32-x86_64\bin\java.exe
0x00007ffb29e30000 - 0x00007ffb2a027000 	C:\WINDOWS\SYSTEM32\ntdll.dll
0x00007ffb07e40000 - 0x00007ffb07e56000 	C:\Program Files\Avast Software\Avast\aswhook.dll
0x00007ffb29cb0000 - 0x00007ffb29d6d000 	C:\WINDOWS\System32\KERNEL32.DLL
0x00007ffb27ae0000 - 0x00007ffb27dad000 	C:\WINDOWS\System32\KERNELBASE.dll
0x00007ffb24e90000 - 0x00007ffb24f20000 	C:\WINDOWS\SYSTEM32\apphelp.dll
0x00007ffb27550000 - 0x00007ffb27650000 	C:\WINDOWS\System32\ucrtbase.dll
0x00007ffb09620000 - 0x00007ffb09638000 	c:\Users\usuario\.vscode\extensions\redhat.java-1.7.0-win32-x64\jre\17.0.3-win32-x86_64\bin\jli.dll
0x00007ffb28bc0000 - 0x00007ffb28d60000 	C:\WINDOWS\System32\USER32.dll
0x00007ffb27e60000 - 0x00007ffb27e82000 	C:\WINDOWS\System32\win32u.dll
0x00007ffb28810000 - 0x00007ffb2883a000 	C:\WINDOWS\System32\GDI32.dll
0x00007ffb27760000 - 0x00007ffb2786b000 	C:\WINDOWS\System32\gdi32full.dll
0x00007ffb27a40000 - 0x00007ffb27add000 	C:\WINDOWS\System32\msvcp_win.dll
0x00007ffb09960000 - 0x00007ffb09979000 	c:\Users\usuario\.vscode\extensions\redhat.java-1.7.0-win32-x64\jre\17.0.3-win32-x86_64\bin\VCRUNTIME140.dll
0x00007ffb0bf20000 - 0x00007ffb0c1ba000 	C:\WINDOWS\WinSxS\amd64_microsoft.windows.common-controls_6595b64144ccf1df_6.0.19041.1110_none_60b5254171f9507e\COMCTL32.dll
0x00007ffb29c10000 - 0x00007ffb29cae000 	C:\WINDOWS\System32\msvcrt.dll
0x00007ffb29620000 - 0x00007ffb29650000 	C:\WINDOWS\System32\IMM32.DLL
0x00007ffb19e00000 - 0x00007ffb19e0c000 	c:\Users\usuario\.vscode\extensions\redhat.java-1.7.0-win32-x64\jre\17.0.3-win32-x86_64\bin\vcruntime140_1.dll
0x00007ffaf1340000 - 0x00007ffaf13d1000 	c:\Users\usuario\.vscode\extensions\redhat.java-1.7.0-win32-x64\jre\17.0.3-win32-x86_64\bin\msvcp140.dll
0x00007ffadb9a0000 - 0x00007ffadc5e8000 	c:\Users\usuario\.vscode\extensions\redhat.java-1.7.0-win32-x64\jre\17.0.3-win32-x86_64\bin\server\jvm.dll
0x00007ffb28f30000 - 0x00007ffb28fde000 	C:\WINDOWS\System32\ADVAPI32.dll
0x00007ffb27e90000 - 0x00007ffb27f2c000 	C:\WINDOWS\System32\sechost.dll
0x00007ffb28680000 - 0x00007ffb287a5000 	C:\WINDOWS\System32\RPCRT4.dll
0x00007ffb28840000 - 0x00007ffb28848000 	C:\WINDOWS\System32\PSAPI.DLL
0x00007ffb1ab50000 - 0x00007ffb1ab59000 	C:\WINDOWS\SYSTEM32\WSOCK32.dll
0x00007ffb29ac0000 - 0x00007ffb29b2b000 	C:\WINDOWS\System32\WS2_32.dll
0x00007ffb23250000 - 0x00007ffb23277000 	C:\WINDOWS\SYSTEM32\WINMM.dll
0x00007ffb1a470000 - 0x00007ffb1a47a000 	C:\WINDOWS\SYSTEM32\VERSION.dll
0x00007ffb25470000 - 0x00007ffb25482000 	C:\WINDOWS\SYSTEM32\kernel.appcore.dll
0x00007ffb197b0000 - 0x00007ffb197ba000 	c:\Users\usuario\.vscode\extensions\redhat.java-1.7.0-win32-x64\jre\17.0.3-win32-x86_64\bin\jimage.dll
0x00007ffb1a280000 - 0x00007ffb1a464000 	C:\WINDOWS\SYSTEM32\DBGHELP.DLL
0x00007ffb1a250000 - 0x00007ffb1a27c000 	C:\WINDOWS\SYSTEM32\dbgcore.DLL
0x00007ffb27680000 - 0x00007ffb27702000 	C:\WINDOWS\System32\bcryptPrimitives.dll
0x00007ffb08210000 - 0x00007ffb08235000 	c:\Users\usuario\.vscode\extensions\redhat.java-1.7.0-win32-x64\jre\17.0.3-win32-x86_64\bin\java.dll
0x00007ffb09110000 - 0x00007ffb09128000 	c:\Users\usuario\.vscode\extensions\redhat.java-1.7.0-win32-x64\jre\17.0.3-win32-x86_64\bin\zip.dll
0x00007ffb27f30000 - 0x00007ffb28674000 	C:\WINDOWS\System32\SHELL32.dll
0x00007ffb25670000 - 0x00007ffb25e04000 	C:\WINDOWS\SYSTEM32\windows.storage.dll
0x00007ffb28850000 - 0x00007ffb28ba4000 	C:\WINDOWS\System32\combase.dll
0x00007ffb26ee0000 - 0x00007ffb26f0c000 	C:\WINDOWS\SYSTEM32\Wldp.dll
0x00007ffb28d60000 - 0x00007ffb28e0d000 	C:\WINDOWS\System32\SHCORE.dll
0x00007ffb295c0000 - 0x00007ffb29615000 	C:\WINDOWS\System32\shlwapi.dll
0x00007ffb27490000 - 0x00007ffb274af000 	C:\WINDOWS\SYSTEM32\profapi.dll
0x00007ffb07e60000 - 0x00007ffb07e79000 	C:\Users\usuario\.vscode\extensions\redhat.java-1.7.0-win32-x64\jre\17.0.3-win32-x86_64\bin\net.dll
0x00007ffb1f690000 - 0x00007ffb1f79a000 	C:\WINDOWS\SYSTEM32\WINHTTP.dll
0x00007ffb26c40000 - 0x00007ffb26caa000 	C:\WINDOWS\system32\mswsock.dll
0x00007ffb07420000 - 0x00007ffb07435000 	C:\Users\usuario\.vscode\extensions\redhat.java-1.7.0-win32-x64\jre\17.0.3-win32-x86_64\bin\nio.dll
0x00007ffb194a0000 - 0x00007ffb194b0000 	c:\Users\usuario\.vscode\extensions\redhat.java-1.7.0-win32-x64\jre\17.0.3-win32-x86_64\bin\verify.dll
0x00007ffb21000000 - 0x00007ffb21009000 	C:\Users\usuario\.vscode\extensions\redhat.java-1.7.0-win32-x64\jre\17.0.3-win32-x86_64\bin\management.dll
0x00007ffb19810000 - 0x00007ffb1981b000 	C:\Users\usuario\.vscode\extensions\redhat.java-1.7.0-win32-x64\jre\17.0.3-win32-x86_64\bin\management_ext.dll
0x00007ffb0ff80000 - 0x00007ffb0ff97000 	C:\WINDOWS\system32\napinsp.dll
0x00007ffb0ffc0000 - 0x00007ffb0ffdb000 	C:\WINDOWS\system32\pnrpnsp.dll
0x00007ffb0ffa0000 - 0x00007ffb0ffb5000 	C:\WINDOWS\system32\wshbth.dll
0x00007ffb230b0000 - 0x00007ffb230cd000 	C:\WINDOWS\system32\NLAapi.dll
0x00007ffb26930000 - 0x00007ffb2696b000 	C:\WINDOWS\SYSTEM32\IPHLPAPI.DLL
0x00007ffb26970000 - 0x00007ffb26a3b000 	C:\WINDOWS\SYSTEM32\DNSAPI.dll
0x00007ffb28ec0000 - 0x00007ffb28ec8000 	C:\WINDOWS\System32\NSI.dll
0x00007ffb0ffe0000 - 0x00007ffb0fff2000 	C:\WINDOWS\System32\winrnr.dll
0x00007ffb1f190000 - 0x00007ffb1f19a000 	C:\Windows\System32\rasadhlp.dll
0x00007ffb1f520000 - 0x00007ffb1f5a0000 	C:\WINDOWS\System32\fwpuclnt.dll
0x00007ffb27650000 - 0x00007ffb27677000 	C:\WINDOWS\System32\bcrypt.dll
0x00007ffb26e30000 - 0x00007ffb26e48000 	C:\WINDOWS\SYSTEM32\CRYPTSP.dll
0x00007ffb265c0000 - 0x00007ffb265f4000 	C:\WINDOWS\system32\rsaenh.dll
0x00007ffb27410000 - 0x00007ffb2743e000 	C:\WINDOWS\SYSTEM32\USERENV.dll
0x00007ffb26e50000 - 0x00007ffb26e5c000 	C:\WINDOWS\SYSTEM32\CRYPTBASE.dll
0x00007ffb21a70000 - 0x00007ffb21a87000 	C:\WINDOWS\SYSTEM32\dhcpcsvc6.DLL
0x00007ffb219c0000 - 0x00007ffb219dd000 	C:\WINDOWS\SYSTEM32\dhcpcsvc.DLL

dbghelp: loaded successfully - version: 4.0.5 - missing functions: none
symbol engine: initialized successfully - sym options: 0x614 - pdb path: .;c:\Users\usuario\.vscode\extensions\redhat.java-1.7.0-win32-x64\jre\17.0.3-win32-x86_64\bin;C:\WINDOWS\SYSTEM32;C:\Program Files\Avast Software\Avast;C:\WINDOWS\WinSxS\amd64_microsoft.windows.common-controls_6595b64144ccf1df_6.0.19041.1110_none_60b5254171f9507e;c:\Users\usuario\.vscode\extensions\redhat.java-1.7.0-win32-x64\jre\17.0.3-win32-x86_64\bin\server

VM Arguments:
jvm_args: --add-modules=ALL-SYSTEM --add-exports=jdk.compiler/com.sun.tools.javac.file=ALL-UNNAMED --add-exports=jdk.compiler/com.sun.tools.javac.util=ALL-UNNAMED --add-exports=jdk.compiler/com.sun.tools.javac.comp=ALL-UNNAMED --add-exports=jdk.compiler/com.sun.tools.javac.main=ALL-UNNAMED --add-exports=jdk.compiler/com.sun.tools.javac.tree=ALL-UNNAMED --add-exports=jdk.compiler/com.sun.tools.javac.code=ALL-UNNAMED -Dsts.lsp.client=vscode -Dsts.log.file=/dev/null -XX:TieredStopAtLevel=1 -Dspring.config.location=file:c:\Users\usuario\.vscode\extensions\pivotal.vscode-spring-boot-1.36.0\language-server\BOOT-INF\classes\application.properties 
java_command: org.springframework.ide.vscode.boot.app.BootLanguageServerBootApp
java_class_path (initial): c:\Users\usuario\.vscode\extensions\pivotal.vscode-spring-boot-1.36.0\language-server\BOOT-INF\classes;c:\Users\usuario\.vscode\extensions\pivotal.vscode-spring-boot-1.36.0\language-server\BOOT-INF\lib\annotations-23.0.0.jar;c:\Users\usuario\.vscode\extensions\pivotal.vscode-spring-boot-1.36.0\language-server\BOOT-INF\lib\antlr-runtime-3.5.2.jar;c:\Users\usuario\.vscode\extensions\pivotal.vscode-spring-boot-1.36.0\language-server\BOOT-INF\lib\antlr4-4.9.3.jar;c:\Users\usuario\.vscode\extensions\pivotal.vscode-spring-boot-1.36.0\language-server\BOOT-INF\lib\antlr4-runtime-4.9.3.jar;c:\Users\usuario\.vscode\extensions\pivotal.vscode-spring-boot-1.36.0\language-server\BOOT-INF\lib\asm-9.3.jar;c:\Users\usuario\.vscode\extensions\pivotal.vscode-spring-boot-1.36.0\language-server\BOOT-INF\lib\asm-analysis-9.3.jar;c:\Users\usuario\.vscode\extensions\pivotal.vscode-spring-boot-1.36.0\language-server\BOOT-INF\lib\asm-tree-9.3.jar;c:\Users\usuario\.vscode\extensions\pivotal.vscode-spring-boot-1.36.0\language-server\BOOT-INF\lib\asm-util-9.3.jar;c:\Users\usuario\.vscode\extensions\pivotal.vscode-spring-boot-1.36.0\language-server\BOOT-INF\lib\byte-buddy-1.10.18.jar;c:\Users\usuario\.vscode\extensions\pivotal.vscode-spring-boot-1.36.0\language-server\BOOT-INF\lib\caffeine-2.8.6.jar;c:\Users\usuario\.vscode\extensions\pivotal.vscode-spring-boot-1.36.0\language-server\BOOT-INF\lib\checker-qual-3.12.0.jar;c:\Users\usuario\.vscode\extensions\pivotal.vscode-spring-boot-1.36.0\language-server\BOOT-INF\lib\classgraph-4.8.146.jar;c:\Users\usuario\.vscode\extensions\pivotal.vscode-spring-boot-1.36.0\language-server\BOOT-INF\lib\commons-codec-1.14.jar;c:\Users\usuario\.vscode\extensions\pivotal.vscode-spring-boot-1.36.0\language-server\BOOT-INF\lib\commons-compress-1.21.jar;c:\Users\usuario\.vscode\extensions\pivotal.vscode-spring-boot-1.36.0\language-server\BOOT-INF\lib\commons-exec-1.3.jar;c:\Users\usuario\.vscode\extensions\pivotal.vscode-spring-boot-1.36.
Launcher Type: SUN_STANDARD

[Global flags]
     intx CICompilerCount                          = 3                                         {product} {ergonomic}
     uint ConcGCThreads                            = 1                                         {product} {ergonomic}
     uint G1ConcRefinementThreads                  = 4                                         {product} {ergonomic}
   size_t G1HeapRegionSize                         = 1048576                                   {product} {ergonomic}
    uintx GCDrainStackTargetSize                   = 64                                        {product} {ergonomic}
   size_t InitialHeapSize                          = 134217728                                 {product} {ergonomic}
   size_t MarkStackSize                            = 4194304                                   {product} {ergonomic}
   size_t MaxHeapSize                              = 2120220672                                {product} {ergonomic}
   size_t MaxNewSize                               = 1271922688                                {product} {ergonomic}
   size_t MinHeapDeltaBytes                        = 1048576                                   {product} {ergonomic}
   size_t MinHeapSize                              = 8388608                                   {product} {ergonomic}
    uintx NonProfiledCodeHeapSize                  = 0                                      {pd product} {ergonomic}
     bool ProfileInterpreter                       = false                                  {pd product} {command line}
    uintx ProfiledCodeHeapSize                     = 0                                      {pd product} {ergonomic}
   size_t SoftMaxHeapSize                          = 2120220672                             {manageable} {ergonomic}
     intx TieredStopAtLevel                        = 1                                         {product} {command line}
     bool UseCompressedClassPointers               = true                           {product lp64_product} {ergonomic}
     bool UseCompressedOops                        = true                           {product lp64_product} {ergonomic}
     bool UseG1GC                                  = true                                      {product} {ergonomic}
     bool UseLargePagesIndividualAllocation        = false                                  {pd product} {ergonomic}

Logging:
Log output configuration:
 #0: stdout all=warning uptime,level,tags
 #1: stderr all=off uptime,level,tags

Environment Variables:
PATH=C:\Program Files\Common Files\Oracle\Java\javapath;C:\WINDOWS\system32;C:\WINDOWS;C:\WINDOWS\System32\Wbem;C:\WINDOWS\System32\WindowsPowerShell\v1.0\;C:\WINDOWS\System32\OpenSSH\;C:\Program Files (x86)\dotnet\;C:\ProgramData\UNIVALI\Portugol Studio;C:\Program Files\Git\cmd;C:\Program Files\nodejs\;C:\Users\usuario\AppData\Local\Microsoft\WindowsApps;C:\Users\usuario\AppData\Local\Programs\Microsoft VS Code\bin;C:\Users\usuario\AppData\Roaming\npm;C:\Program Files\Java\jdk-17.0.3.1\bin;
USERNAME=usuario
OS=Windows_NT
PROCESSOR_IDENTIFIER=Intel64 Family 6 Model 58 Stepping 9, GenuineIntel



---------------  S Y S T E M  ---------------

OS:
 Windows 10 , 64 bit Build 19041 (10.0.19041.1741)
OS uptime: 5 days 15:50 hours

CPU: total 4 (initial active 4) (4 cores per cpu, 1 threads per core) family 6 model 58 stepping 9 microcode 0x21, cx8, cmov, fxsr, mmx, sse, sse2, sse3, ssse3, sse4.1, sse4.2, popcnt, tsc, tscinvbit, avx, aes, erms, clmul, vzeroupper, clflush

Memory: 4k page, system-wide physical 8082M (257M free)
TotalPageFile size 32658M (AvailPageFile size 6M)
current process WorkingSet (physical memory assigned to process): 52M, peak: 442M
current process commit charge ("private bytes"): 203M, peak: 497M

vm_info: OpenJDK 64-Bit Server VM (17.0.3+7) for windows-amd64 JRE (17.0.3+7), built on Apr 19 2022 16:55:35 by "" with MS VC++ 16.7 (VS2019)

END.
